<?xml version="1.0" encoding="UTF-8"?>
<testsuite xmlns:xsi="http://www.w3.org/2001/XMLSchema-instance" xsi:noNamespaceSchemaLocation="https://maven.apache.org/surefire/maven-surefire-plugin/xsd/surefire-test-report-3.0.xsd" version="3.0" name="com.dev.usersmanagementsystem.UsersmanagementsystemApplicationTests" time="8.586" tests="1" errors="0" skipped="0" failures="0">
  <properties>
[...]
</properties>
  <testcase name="contextLoads" classname="com.dev.usersmanagementsystem.UsersmanagementsystemApplicationTests" time="1.198">
    <system-out><![CDATA[11:48:18.829 [main] INFO org.springframework.test.context.support.AnnotationConfigContextLoaderUtils -- Could not detect default configuration classes for test class [com.dev.usersmanagementsystem.UsersmanagementsystemApplicationTests]: UsersmanagementsystemApplicationTests does not declare any static, non-private, non-final, nested classes annotated with @Configuration.
11:48:18.979 [main] INFO org.springframework.boot.test.context.SpringBootTestContextBootstrapper -- Found @SpringBootConfiguration com.dev.usersmanagementsystem.UsersmanagementsystemApplication for test class com.dev.usersmanagementsystem.UsersmanagementsystemApplicationTests

  .   ____          _            __ _ _
 /\\ / ___'_ __ _ _(_)_ __  __ _ \ \ \ \
( ( )\___ | '_ | '_| | '_ \/ _` | \ \ \ \
 \\/  ___)| |_)| | | | | || (_| |  ) ) ) )
  '  |____| .__|_| |_|_| |_\__, | / / / /
 =========|_|==============|___/=/_/_/_/
 :: Spring Boot ::                (v3.2.4)

2024-11-25T11:48:19.603+05:30  INFO 48592 --- [usersmanagementsystem] [           main] .u.UsersmanagementsystemApplicationTests : Starting UsersmanagementsystemApplicationTests using Java 22.0.2 with PID 48592 (started by M9438 in C:\Users\m9438\Desktop\dev-code\unified-portal\code\backend)
2024-11-25T11:48:19.605+05:30  INFO 48592 --- [usersmanagementsystem] [           main] .u.UsersmanagementsystemApplicationTests : No active profile set, falling back to 1 default profile: "default"
2024-11-25T11:48:20.529+05:30  INFO 48592 --- [usersmanagementsystem] [           main] .s.d.r.c.RepositoryConfigurationDelegate : Bootstrapping Spring Data JPA repositories in DEFAULT mode.
2024-11-25T11:48:20.623+05:30  INFO 48592 --- [usersmanagementsystem] [           main] .s.d.r.c.RepositoryConfigurationDelegate : Finished Spring Data repository scanning in 84 ms. Found 5 JPA repository interfaces.
2024-11-25T11:48:21.372+05:30  INFO 48592 --- [usersmanagementsystem] [           main] o.hibernate.jpa.internal.util.LogHelper  : HHH000204: Processing PersistenceUnitInfo [name: default]
2024-11-25T11:48:21.484+05:30  INFO 48592 --- [usersmanagementsystem] [           main] org.hibernate.Version                    : HHH000412: Hibernate ORM core version 6.4.4.Final
2024-11-25T11:48:21.531+05:30  INFO 48592 --- [usersmanagementsystem] [           main] o.h.c.internal.RegionFactoryInitiator    : HHH000026: Second-level cache disabled
2024-11-25T11:48:21.920+05:30  INFO 48592 --- [usersmanagementsystem] [           main] o.s.o.j.p.SpringPersistenceUnitInfo      : No LoadTimeWeaver setup: ignoring JPA class transformer
2024-11-25T11:48:21.968+05:30  INFO 48592 --- [usersmanagementsystem] [           main] com.zaxxer.hikari.HikariDataSource       : HikariPool-1 - Starting...
2024-11-25T11:48:22.443+05:30  INFO 48592 --- [usersmanagementsystem] [           main] com.zaxxer.hikari.pool.HikariPool        : HikariPool-1 - Added connection com.mysql.cj.jdbc.ConnectionImpl@10d98940
2024-11-25T11:48:22.447+05:30  INFO 48592 --- [usersmanagementsystem] [           main] com.zaxxer.hikari.HikariDataSource       : HikariPool-1 - Start completed.
2024-11-25T11:48:23.696+05:30  INFO 48592 --- [usersmanagementsystem] [           main] o.h.e.t.j.p.i.JtaPlatformInitiator       : HHH000489: No JTA platform available (set 'hibernate.transaction.jta.platform' to enable JTA platform integration)
2024-11-25T11:48:23.792+05:30  INFO 48592 --- [usersmanagementsystem] [           main] j.LocalContainerEntityManagerFactoryBean : Initialized JPA EntityManagerFactory for persistence unit 'default'
2024-11-25T11:48:24.236+05:30  INFO 48592 --- [usersmanagementsystem] [           main] o.s.d.j.r.query.QueryEnhancerFactory     : Hibernate is in classpath; If applicable, HQL parser will be used.
2024-11-25T11:48:24.978+05:30  WARN 48592 --- [usersmanagementsystem] [           main] JpaBaseConfiguration$JpaWebConfiguration : spring.jpa.open-in-view is enabled by default. Therefore, database queries may be performed during view rendering. Explicitly configure spring.jpa.open-in-view to disable this warning
2024-11-25T11:48:25.378+05:30  INFO 48592 --- [usersmanagementsystem] [           main] o.s.s.web.DefaultSecurityFilterChain     : Will secure any request with [org.springframework.security.web.session.DisableEncodeUrlFilter@7220ff10, org.springframework.security.web.context.request.async.WebAsyncManagerIntegrationFilter@776eb512, org.springframework.security.web.context.SecurityContextHolderFilter@7bd4f212, org.springframework.security.web.header.HeaderWriterFilter@46da7d39, org.springframework.web.filter.CorsFilter@4ba29b51, org.springframework.security.web.authentication.logout.LogoutFilter@245b009a, com.dev.usersmanagementsystem.config.JWTAuthFilter@648c80cb, org.springframework.security.web.savedrequest.RequestCacheAwareFilter@7da70124, org.springframework.security.web.servletapi.SecurityContextHolderAwareRequestFilter@7fdf32a4, org.springframework.security.web.authentication.AnonymousAuthenticationFilter@35e7cdb2, org.springframework.security.web.session.SessionManagementFilter@3a4181ba, org.springframework.security.web.access.ExceptionTranslationFilter@3449cddf, org.springframework.security.web.access.intercept.AuthorizationFilter@f714749]
2024-11-25T11:48:25.940+05:30  INFO 48592 --- [usersmanagementsystem] [           main] .u.UsersmanagementsystemApplicationTests : Started UsersmanagementsystemApplicationTests in 6.735 seconds (process running for 8.166)
Hello===1732535280000
Execution time[]
]]></system-out>
    <system-err><![CDATA[WARNING: A Java agent has been loaded dynamically (C:\Users\m9438\.m2\repository\net\bytebuddy\byte-buddy-agent\1.14.12\byte-buddy-agent-1.14.12.jar)
WARNING: If a serviceability tool is in use, please run with -XX:+EnableDynamicAgentLoading to hide this warning
WARNING: If a serviceability tool is not in use, please run with -Djdk.instrument.traceUsage for more information
WARNING: Dynamic loading of agents will be disallowed by default in a future release
]]></system-err>
  </testcase>
</testsuite>