<?xml version="1.0" encoding="UTF-8"?>
<testsuite xmlns:xsi="http://www.w3.org/2001/XMLSchema-instance" xsi:noNamespaceSchemaLocation="https://maven.apache.org/surefire/maven-surefire-plugin/xsd/surefire-test-report-3.0.xsd" version="3.0" name="com.dev.usersmanagementsystem.UsersmanagementsystemApplicationTests" time="14.474" tests="1" errors="0" skipped="0" failures="0">
  <properties>
[...]
</properties>
  <testcase name="contextLoads" classname="com.dev.usersmanagementsystem.UsersmanagementsystemApplicationTests" time="3.513">
    <system-out><![CDATA[14:32:34.795 [main] INFO org.springframework.test.context.support.AnnotationConfigContextLoaderUtils -- Could not detect default configuration classes for test class [com.dev.usersmanagementsystem.UsersmanagementsystemApplicationTests]: UsersmanagementsystemApplicationTests does not declare any static, non-private, non-final, nested classes annotated with @Configuration.
14:32:35.165 [main] INFO org.springframework.boot.test.context.SpringBootTestContextBootstrapper -- Found @SpringBootConfiguration com.dev.usersmanagementsystem.UsersmanagementsystemApplication for test class com.dev.usersmanagementsystem.UsersmanagementsystemApplicationTests

  .   ____          _            __ _ _
 /\\ / ___'_ __ _ _(_)_ __  __ _ \ \ \ \
( ( )\___ | '_ | '_| | '_ \/ _` | \ \ \ \
 \\/  ___)| |_)| | | | | || (_| |  ) ) ) )
  '  |____| .__|_| |_|_| |_\__, | / / / /
 =========|_|==============|___/=/_/_/_/
 :: Spring Boot ::                (v3.2.4)

2024-12-18T14:32:36.807+05:30  INFO 21648 --- [           main] .u.UsersmanagementsystemApplicationTests : Starting UsersmanagementsystemApplicationTests using Java 22.0.2 with PID 21648 (started by M9438 in C:\Users\m9438\Desktop\JarSchedule\backend)
2024-12-18T14:32:36.815+05:30  INFO 21648 --- [           main] .u.UsersmanagementsystemApplicationTests : No active profile set, falling back to 1 default profile: "default"
2024-12-18T14:32:44.305+05:30  WARN 21648 --- [           main] .s.s.UserDetailsServiceAutoConfiguration : 

Using generated security password: 24cc7e2f-9484-4da1-a3e4-dec9361f71ec

This generated password is for development use only. Your security configuration must be updated before running your application in production.

2024-12-18T14:32:44.847+05:30  INFO 21648 --- [           main] o.s.s.web.DefaultSecurityFilterChain     : Will secure any request with [org.springframework.security.web.session.DisableEncodeUrlFilter@7d0cd23c, org.springframework.security.web.context.request.async.WebAsyncManagerIntegrationFilter@17c4dc5b, org.springframework.security.web.context.SecurityContextHolderFilter@48d739f, org.springframework.security.web.header.HeaderWriterFilter@cdb3c85, org.springframework.web.filter.CorsFilter@6b0f266e, org.springframework.security.web.csrf.CsrfFilter@6de43bc1, org.springframework.security.web.authentication.logout.LogoutFilter@2bd8f7db, org.springframework.security.web.authentication.UsernamePasswordAuthenticationFilter@2c9306d3, org.springframework.security.web.authentication.ui.DefaultLoginPageGeneratingFilter@5a592c70, org.springframework.security.web.authentication.ui.DefaultLogoutPageGeneratingFilter@4837f97e, org.springframework.security.web.authentication.www.BasicAuthenticationFilter@22791b75, org.springframework.security.web.savedrequest.RequestCacheAwareFilter@65cc5252, org.springframework.security.web.servletapi.SecurityContextHolderAwareRequestFilter@42c12b3e, org.springframework.security.web.authentication.AnonymousAuthenticationFilter@53314f76, org.springframework.security.web.access.ExceptionTranslationFilter@20349058, org.springframework.security.web.access.intercept.AuthorizationFilter@63e5b8aa]
2024-12-18T14:32:45.092+05:30  INFO 21648 --- [           main] .u.UsersmanagementsystemApplicationTests : Started UsersmanagementsystemApplicationTests in 9.364 seconds (process running for 12.932)
Execution time[]
]]></system-out>
    <system-err><![CDATA[WARNING: A Java agent has been loaded dynamically (C:\Users\m9438\.m2\repository\net\bytebuddy\byte-buddy-agent\1.14.12\byte-buddy-agent-1.14.12.jar)
WARNING: If a serviceability tool is in use, please run with -XX:+EnableDynamicAgentLoading to hide this warning
WARNING: If a serviceability tool is not in use, please run with -Djdk.instrument.traceUsage for more information
WARNING: Dynamic loading of agents will be disallowed by default in a future release
]]></system-err>
  </testcase>
</testsuite>